<?xml version="1.0"?>
<testsuite name="Chrome 41.0.2272 (Linux 0.0.0)" package="" timestamp="2016-11-03T20:33:49" id="0" hostname="asus-vlado" tests="996" errors="0" failures="0" time="0.037">
  <properties>
    <property name="browser.fullName" value="Mozilla/5.0 (X11; Linux i686) AppleWebKit/537.36 (KHTML, like Gecko) Chrome/41.0.2272.101 Safari/537.36"/>
  </properties>
  <testcase name="extendDrawerOrPtgrs(drawersOrPtgrsArray, maxNumOfBeams, minWidth, maxWidth) " time="0.025" classname="Chrome_41_0_2272_(Linux_0_0_0).extendDrawerOrPtgrs(drawersOrPtgrsArray, maxNumOfBeams, minWidth, maxWidth)"/>
  <testcase name="extendDrawerOrPtgrs(drawersOrPtgrsArray, maxNumOfBeams, minWidth, maxWidth)  " time="0.012" classname="Chrome_41_0_2272_(Linux_0_0_0).extendDrawerOrPtgrs(drawersOrPtgrsArray, maxNumOfBeams, minWidth, maxWidth)"/>
  <system-out>
    <![CDATA[Chrome 41.0.2272 (Linux 0.0.0) LOG: null
,Chrome 41.0.2272 (Linux 0.0.0) LOG: Object{millsPerPixel: 7, millsPerPixelForDepth: 16, cupboardWidth: 2500, cupboardHeight: 2500, cupboardDepth: 700, leftShelveWidth: 250, rightShelveWidth: 250, thickness: 30, floorChkBox: true, ceilingChkBox: true, leftShelveChkBox: true, rightShelveChkBox: true, rearChkBox: true, standLeftChkBox: true, standRightChkBox: true, standChkBox: true, shelveCssColor: '#3d6990', fullWidth: 3000, maxNumOfShelves: 25, maxNumOfInnerShelves: 25, maxNumOfBeams: 25}
,PhantomJS 2.1.1 (Linux 0.0.0) LOG: Object{millsPerPixel: 7, millsPerPixelForDepth: 16, cupboardWidth: 2500, cupboardHeight: 2500, cupboardDepth: 700, leftShelveWidth: 250, rightShelveWidth: 250, thickness: 30, floorChkBox: true, ceilingChkBox: true, leftShelveChkBox: true, rightShelveChkBox: true, rearChkBox: true, standLeftChkBox: true, standRightChkBox: true, standChkBox: true, shelveCssColor: '#3d6990', fullWidth: 3000, maxNumOfShelves: 25, maxNumOfInnerShelves: 25, maxNumOfBeams: 25}
,Chrome 41.0.2272 (Linux 0.0.0) LOG: '10<=30'
,Chrome 41.0.2272 (Linux 0.0.0) LOG: '15<=30'
,Chrome 41.0.2272 (Linux 0.0.0) LOG: '27<=30'
,Chrome 41.0.2272 (Linux 0.0.0) LOG: '29<=30'
,Chrome 41.0.2272 (Linux 0.0.0) LOG: '25<=30'
,Chrome 41.0.2272 (Linux 0.0.0) LOG: '30<=30'
,Chrome 41.0.2272 (Linux 0.0.0) LOG: '25<=25'
,Chrome 41.0.2272 (Linux 0.0.0) LOG: '24<=25'

]]>
  </system-out>
  <system-err/>
</testsuite>